生成启动时间为 2015/6/9 10:58:41。
     1>项目“E:\TOG Release\qmat\qmat.vcxproj”在节点 2 上(build 个目标)。
     1>InitializeBuildStatus:
         正在创建“Debug\qmat.unsuccessfulbuild”，因为已指定“AlwaysCreate”。
       CustomBuild:
         所有输出均为最新。
       ClCompile:
         D:\Program Files (x86)\Microsoft Visual Studio 10.0\VC\bin\CL.exe /c /I.\GeneratedFiles /ID:\Qt\4.8.5\include /I.\GeneratedFiles\Debug /ID:\Qt\4.8.5\include\QtCore /ID:\Qt\4.8.5\include\QtGui /ID:\Qt\4.8.5\include\QtOpenGL /I.\ /Zi /nologo /W1 /WX- /Od /Oy- /D UNICODE /D WIN32 /D QT_LARGEFILE_SUPPORT /D QT_CORE_LIB /D QT_GUI_LIB /D QT_OPENGL_LIB /D QT_DLL /Gm- /EHsc /MDd /GS /fp:precise /Zc:wchar_t- /Zc:forScope /Fo"Debug\\" /Fd"Debug\vc100.pdb" /Gd /TP /analyze- /errorReport:prompt ThreeDimensionalShape.cpp
         ThreeDimensionalShape.cpp
     1>d:\qt\4.8.5\include\qtcore\../../src/corelib/global/qconfig.h(41): warning C4005: “QT_LARGEFILE_SUPPORT”: 宏重定义
                 命令行参数: 参见前面的“QT_LARGEFILE_SUPPORT”定义
         所有输出均为最新。
       Link:
         D:\Program Files (x86)\Microsoft Visual Studio 10.0\VC\bin\link.exe /ERRORREPORT:PROMPT /OUT:"E:\TOG Release\\qmat.exe" /NOLOGO /LIBPATH:D:\Qt\4.8.5\lib qtmaind.lib QtCored4.lib QtGuid4.lib QtOpenGLd4.lib opengl32.lib glu32.lib "libgmp-10.lib" "libmpfr-4.lib" kernel32.lib user32.lib gdi32.lib winspool.lib comdlg32.lib advapi32.lib shell32.lib ole32.lib oleaut32.lib uuid.lib odbc32.lib odbccp32.lib /MANIFEST /ManifestFile:"Debug\qmat.exe.intermediate.manifest" /MANIFESTUAC:"level='asInvoker' uiAccess='false'" /DEBUG /PDB:"E:\TOG Release\qmat.pdb" /SUBSYSTEM:WINDOWS /TLBID:1 /DYNAMICBASE /NXCOMPAT /IMPLIB:"E:\TOG Release\qmat.lib" /MACHINE:X86 Debug\ColorRamp.obj
         Debug\moc_GLWidget.obj
         Debug\moc_medialaxissimplification3d.obj
         Debug\qrc_medial_axis.obj
         Debug\GeometryObjects.obj
         Debug\GLWidget.obj
         Debug\Wm4Math.obj
         Debug\Wm4Matrix.obj
         Debug\Wm4Vector.obj
         Debug\main.obj
         Debug\medialaxissimplification3d.obj
         Debug\Mesh.obj
         Debug\nonmanifoldmesh.obj
         Debug\PrimMesh.obj
         Debug\PsRender.obj
         Debug\SlabMesh.obj
         Debug\ThreeDimensionalShape.obj
         LINK : 没有找到 E:\TOG Release\\qmat.exe 或上一个增量链接没有生成它；正在执行完全链接
         qmat.vcxproj -> E:\TOG Release\qmat.exe
       Manifest:
         C:\Program Files (x86)\Microsoft SDKs\Windows\v7.0A\bin\mt.exe /nologo /verbose /outputresource:"E:\TOG Release\\qmat.exe;#1" /manifest Debug\qmat.exe.intermediate.manifest
       FinalizeBuildStatus:
         正在删除文件“Debug\qmat.unsuccessfulbuild”。
         正在对“Debug\qmat.lastbuildstate”执行 Touch 任务。
     1>已完成生成项目“E:\TOG Release\qmat\qmat.vcxproj”(build 个目标)的操作。

生成成功。

已用时间 00:00:10.59
