c:\users\frank\desktop\proj_p2s\qmat_x64\qmat\x64\debug\vc140.pdb
c:\users\frank\desktop\proj_p2s\qmat_x64\qmat\x64\debug\threedimensionalshape.obj
c:\users\frank\desktop\proj_p2s\qmat_x64\qmat\x64\debug\slabmesh.obj
c:\users\frank\desktop\proj_p2s\qmat_x64\qmat\x64\debug\psrender.obj
c:\users\frank\desktop\proj_p2s\qmat_x64\qmat\x64\debug\primmesh.obj
c:\users\frank\desktop\proj_p2s\qmat_x64\qmat\x64\debug\nonmanifoldmesh.obj
c:\users\frank\desktop\proj_p2s\qmat_x64\qmat\x64\debug\mesh.obj
c:\users\frank\desktop\proj_p2s\qmat_x64\qmat\x64\debug\medialaxissimplification3d.obj
c:\users\frank\desktop\proj_p2s\qmat_x64\qmat\x64\debug\main.obj
c:\users\frank\desktop\proj_p2s\qmat_x64\qmat\x64\debug\wm4vector.obj
c:\users\frank\desktop\proj_p2s\qmat_x64\qmat\x64\debug\wm4matrix.obj
c:\users\frank\desktop\proj_p2s\qmat_x64\qmat\x64\debug\wm4math.obj
c:\users\frank\desktop\proj_p2s\qmat_x64\qmat\x64\debug\glwidget.obj
c:\users\frank\desktop\proj_p2s\qmat_x64\qmat\x64\debug\geometryobjects.obj
c:\users\frank\desktop\proj_p2s\qmat_x64\qmat\x64\debug\moc_medialaxissimplification3d.obj
c:\users\frank\desktop\proj_p2s\qmat_x64\qmat\x64\debug\moc_glwidget.obj
c:\users\frank\desktop\proj_p2s\qmat_x64\qmat\x64\debug\colorramp.obj
c:\users\frank\desktop\proj_p2s\qmat_x64\qmat\x64\debug\qrc_medial_axis.obj
c:\users\frank\desktop\proj_p2s\qmat_x64\qmat\generatedfiles\debug\moc_glwidget.cpp
c:\users\frank\desktop\proj_p2s\qmat_x64\qmat\generatedfiles\debug\moc_medialaxissimplification3d.cpp
c:\users\frank\desktop\proj_p2s\qmat_x64\qmat\generatedfiles\ui_medial_axis.h
c:\users\frank\desktop\proj_p2s\qmat_x64\qmat\generatedfiles\qrc_medial_axis.cpp
c:\users\frank\desktop\proj_p2s\qmat_x64\x64\debug\qmat.pdb
c:\users\frank\desktop\proj_p2s\qmat_x64\qmat\x64\debug\qmat.tlog\cl.command.1.tlog
c:\users\frank\desktop\proj_p2s\qmat_x64\qmat\x64\debug\qmat.tlog\cl.read.1.tlog
c:\users\frank\desktop\proj_p2s\qmat_x64\qmat\x64\debug\qmat.tlog\cl.write.1.tlog
c:\users\frank\desktop\proj_p2s\qmat_x64\qmat\x64\debug\qmat.tlog\custombuild.command.1.tlog
c:\users\frank\desktop\proj_p2s\qmat_x64\qmat\x64\debug\qmat.tlog\custombuild.read.1.tlog
c:\users\frank\desktop\proj_p2s\qmat_x64\qmat\x64\debug\qmat.tlog\custombuild.write.1.tlog
c:\users\frank\desktop\proj_p2s\qmat_x64\qmat\x64\debug\qmat.tlog\link-cvtres.read.1.tlog
c:\users\frank\desktop\proj_p2s\qmat_x64\qmat\x64\debug\qmat.tlog\link-cvtres.write.1.tlog
c:\users\frank\desktop\proj_p2s\qmat_x64\qmat\x64\debug\qmat.tlog\link-rc.read.1.tlog
c:\users\frank\desktop\proj_p2s\qmat_x64\qmat\x64\debug\qmat.tlog\link-rc.write.1.tlog
c:\users\frank\desktop\proj_p2s\qmat_x64\qmat\x64\debug\qmat.tlog\link.command.1.tlog
c:\users\frank\desktop\proj_p2s\qmat_x64\qmat\x64\debug\qmat.tlog\link.read.1.tlog
c:\users\frank\desktop\proj_p2s\qmat_x64\qmat\x64\debug\qmat.tlog\link.write.1.tlog
