e:\lxy\qmat\tog_release\qmat\x64\release\threedimensionalshape.obj
e:\lxy\qmat\tog_release\qmat\x64\release\slabmesh.obj
e:\lxy\qmat\tog_release\qmat\x64\release\psrender.obj
e:\lxy\qmat\tog_release\qmat\x64\release\primmesh.obj
e:\lxy\qmat\tog_release\qmat\x64\release\nonmanifoldmesh.obj
e:\lxy\qmat\tog_release\qmat\x64\release\mesh.obj
e:\lxy\qmat\tog_release\qmat\x64\release\medialaxissimplification3d.obj
e:\lxy\qmat\tog_release\qmat\x64\release\main.obj
e:\lxy\qmat\tog_release\qmat\x64\release\wm4vector.obj
e:\lxy\qmat\tog_release\qmat\x64\release\wm4matrix.obj
e:\lxy\qmat\tog_release\qmat\x64\release\wm4math.obj
e:\lxy\qmat\tog_release\qmat\x64\release\glwidget.obj
e:\lxy\qmat\tog_release\qmat\x64\release\geometryobjects.obj
e:\lxy\qmat\tog_release\qmat\x64\release\moc_medialaxissimplification3d.obj
e:\lxy\qmat\tog_release\qmat\x64\release\moc_glwidget.obj
e:\lxy\qmat\tog_release\qmat\x64\release\colorramp.obj
e:\lxy\qmat\tog_release\qmat\x64\release\qrc_medial_axis.obj
e:\lxy\qmat\tog_release\qmat\generatedfiles\release\moc_glwidget.cpp
e:\lxy\qmat\tog_release\qmat\generatedfiles\release\moc_medialaxissimplification3d.cpp
e:\lxy\qmat\tog_release\qmat\generatedfiles\ui_medial_axis.h
e:\lxy\qmat\tog_release\qmat\generatedfiles\qrc_medial_axis.cpp
e:\lxy\qmat\tog_release\x64\release\qmat.exe
c:\users\frank\desktop\proj_p2s\qmat_x64\qmat\x64\release\colorramp.obj
c:\users\frank\desktop\proj_p2s\qmat_x64\qmat\x64\release\geometryobjects.obj
c:\users\frank\desktop\proj_p2s\qmat_x64\qmat\x64\release\glwidget.obj
c:\users\frank\desktop\proj_p2s\qmat_x64\qmat\x64\release\main.obj
c:\users\frank\desktop\proj_p2s\qmat_x64\qmat\x64\release\medialaxissimplification3d.obj
c:\users\frank\desktop\proj_p2s\qmat_x64\qmat\x64\release\mesh.obj
c:\users\frank\desktop\proj_p2s\qmat_x64\qmat\x64\release\moc_glwidget.obj
c:\users\frank\desktop\proj_p2s\qmat_x64\qmat\x64\release\moc_medialaxissimplification3d.obj
c:\users\frank\desktop\proj_p2s\qmat_x64\qmat\x64\release\nonmanifoldmesh.obj
c:\users\frank\desktop\proj_p2s\qmat_x64\qmat\x64\release\primmesh.obj
c:\users\frank\desktop\proj_p2s\qmat_x64\qmat\x64\release\psrender.obj
c:\users\frank\desktop\proj_p2s\qmat_x64\qmat\x64\release\qrc_medial_axis.obj
c:\users\frank\desktop\proj_p2s\qmat_x64\qmat\x64\release\slabmesh.obj
c:\users\frank\desktop\proj_p2s\qmat_x64\qmat\x64\release\threedimensionalshape.obj
c:\users\frank\desktop\proj_p2s\qmat_x64\qmat\x64\release\wm4math.obj
c:\users\frank\desktop\proj_p2s\qmat_x64\qmat\x64\release\wm4matrix.obj
c:\users\frank\desktop\proj_p2s\qmat_x64\qmat\x64\release\wm4vector.obj
c:\users\frank\desktop\proj_p2s\qmat_x64\qmat\x64\release\qmat.tlog\cl.command.1.tlog
c:\users\frank\desktop\proj_p2s\qmat_x64\qmat\x64\release\qmat.tlog\cl.read.1.tlog
c:\users\frank\desktop\proj_p2s\qmat_x64\qmat\x64\release\qmat.tlog\cl.write.1.tlog
c:\users\frank\desktop\proj_p2s\qmat_x64\qmat\x64\release\qmat.tlog\custombuild.command.1.tlog
c:\users\frank\desktop\proj_p2s\qmat_x64\qmat\x64\release\qmat.tlog\custombuild.read.1.tlog
c:\users\frank\desktop\proj_p2s\qmat_x64\qmat\x64\release\qmat.tlog\custombuild.write.1.tlog
c:\users\frank\desktop\proj_p2s\qmat_x64\qmat\x64\release\qmat.tlog\link.command.1.tlog
c:\users\frank\desktop\proj_p2s\qmat_x64\qmat\x64\release\qmat.tlog\link.read.1.tlog
c:\users\frank\desktop\proj_p2s\qmat_x64\qmat\x64\release\qmat.tlog\link.write.1.tlog
